<?xml version="1.0" encoding="UTF-8"?>
<!-- Generated by org.testng.reporters.JUnitXMLReporter -->
<testsuite ignored="4" hostname="COLLABPH1002987" failures="0" tests="3" name="FirstTest" time="86.633" errors="0" timestamp="2023-12-07T11:50:32 CST">
  <testcase classname="com.POC.FinalExamPOC1" name="PB_01_NewAccount" time="31.053"/>
  <testcase classname="com.POC.FinalExamPOC2" name="PB_02_ViewRaport" time="17.115"/>
  <testcase classname="com.POC.FinalExamPOC3" name="PB_04_DeleteAccount" time="11.872"/>
  <testcase classname="com.POC.BaseClass" name="@BeforeTest setUp" time="0.0">
    <ignored/>
  </testcase> <!-- @BeforeTest setUp -->
  <testcase classname="com.POC.BaseClass" name="@BeforeTest setUp" time="0.0">
    <ignored/>
  </testcase> <!-- @BeforeTest setUp -->
  <testcase classname="com.POC.BaseClass" name="@AfterTest tearDown" time="0.0">
    <ignored/>
  </testcase> <!-- @AfterTest tearDown -->
  <testcase classname="com.POC.BaseClass" name="@AfterTest tearDown" time="0.0">
    <ignored/>
  </testcase> <!-- @AfterTest tearDown -->
</testsuite> <!-- FirstTest -->
