<?xml version="1.0" encoding="UTF-8"?>
<!-- Generated by org.testng.reporters.JUnitXMLReporter -->
<testsuite ignored="8" hostname="COLLABPH1002987" failures="0" tests="3" name="PB01" time="94.054" errors="0" timestamp="2023-12-18T14:53:20 CST">
  <testcase classname="com.POC.PB01_NewAccount" name="PB_01_NewAccount" time="36.98"/>
  <testcase classname="com.POC.PB02_ViewRaport" name="PB_02_ViewRaport" time="19.216"/>
  <testcase classname="com.POC.PB04_DeleteAccount" name="PB_04_DeleteAccount" time="13.67"/>
  <testcase classname="common.BaseClass" name="@AfterSuite endTest" time="0.0">
    <ignored/>
  </testcase> <!-- @AfterSuite endTest -->
  <testcase classname="common.BaseClass" name="@BeforeSuite setupReport" time="0.0">
    <ignored/>
  </testcase> <!-- @BeforeSuite setupReport -->
  <testcase classname="common.BaseClass" name="@AfterTest tearDown" time="0.0">
    <ignored/>
  </testcase> <!-- @AfterTest tearDown -->
  <testcase classname="common.BaseClass" name="@AfterTest tearDown" time="0.0">
    <ignored/>
  </testcase> <!-- @AfterTest tearDown -->
  <testcase classname="common.BaseClass" name="@AfterSuite endTest" time="0.0">
    <ignored/>
  </testcase> <!-- @AfterSuite endTest -->
  <testcase classname="common.BaseClass" name="@BeforeTest setUp" time="0.0">
    <ignored/>
  </testcase> <!-- @BeforeTest setUp -->
  <testcase classname="common.BaseClass" name="@BeforeSuite setupReport" time="0.0">
    <ignored/>
  </testcase> <!-- @BeforeSuite setupReport -->
  <testcase classname="common.BaseClass" name="@BeforeTest setUp" time="0.0">
    <ignored/>
  </testcase> <!-- @BeforeTest setUp -->
</testsuite> <!-- PB01 -->
